<?xml version="1.0" encoding="UTF-8"?>
<!-- Generated by org.testng.reporters.JUnitReportReporter -->
<testsuite hostname="DESKTOP-H05C8H6" failures="0" tests="1" name="com.Crm.Test_Member_CreateMembe" time="10.526" errors="0" timestamp="2025-01-27T09:30:35 IST" skipped="0">
  <testcase classname="com.Crm.Test_Member_CreateMembe" name="MemCreatwThiyagarajan" time="10.526"/>
</testsuite> <!-- com.Crm.Test_Member_CreateMembe -->
