<?xml version="1.0" encoding="UTF-8"?>
<!-- Generated by org.testng.reporters.JUnitReportReporter -->
<testsuite hostname="DESKTOP-E9Q4G78" failures="0" tests="1" name="com.test.Test_NSAdminLogin" time="216.734" errors="0" timestamp="2024-12-16T16:58:03 IST" skipped="0">
  <testcase classname="com.test.Test_NSAdminLogin" name="NSAccess" time="216.734"/>
</testsuite> <!-- com.test.Test_NSAdminLogin -->
