<?xml version="1.0" encoding="UTF-8"?>
<!-- Generated by org.testng.reporters.JUnitReportReporter -->
<testsuite hostname="DESKTOP-E9Q4G78" failures="0" tests="1" name="com.test.Test_NewServiceKTIGroups" time="85.220" errors="0" timestamp="2025-01-03T14:51:29 IST" skipped="0">
  <testcase classname="com.test.Test_NewServiceKTIGroups" name="Servicedropdrown" time="85.220"/>
</testsuite> <!-- com.test.Test_NewServiceKTIGroups -->
