<?xml version="1.0" encoding="UTF-8"?>
<!-- Generated by org.testng.reporters.JUnitReportReporter -->
<testsuite hostname="DESKTOP-E9Q4G78" failures="0" tests="1" name="com.test.Test_imagepresent" time="84.643" errors="0" timestamp="2024-12-21T13:51:54 IST" skipped="0">
  <testcase classname="com.test.Test_imagepresent" name="imagePresent" time="84.643"/>
</testsuite> <!-- com.test.Test_imagepresent -->
