<?xml version="1.0" encoding="UTF-8"?>
<!-- Generated by org.testng.reporters.JUnitReportReporter -->
<testsuite hostname="DESKTOP-E9Q4G78" failures="0" tests="1" name="com.test.Test_serviceDropdDown" time="117.199" errors="0" timestamp="2024-12-17T16:36:59 IST" skipped="0">
  <testcase classname="com.test.Test_serviceDropdDown" name="serDD" time="117.199"/>
</testsuite> <!-- com.test.Test_serviceDropdDown -->
