<?xml version="1.0" encoding="UTF-8"?>
<!-- Generated by org.testng.reporters.JUnitReportReporter -->
<testsuite hostname="DESKTOP-E9Q4G78" failures="0" tests="1" name="com.test.Test_Screenshot" time="322.554" errors="0" timestamp="2024-12-19T12:09:28 IST" skipped="0">
  <testcase classname="com.test.Test_Screenshot" name="imagePresent" time="322.554"/>
</testsuite> <!-- com.test.Test_Screenshot -->
