<?xml version="1.0" encoding="UTF-8"?>
<!-- Generated by org.testng.reporters.JUnitReportReporter -->
<testsuite hostname="DESKTOP-E9Q4G78" failures="0" tests="1" name="com.test.Test_Mousehover" time="116.103" errors="0" timestamp="2024-12-12T16:31:10 IST" skipped="0">
  <testcase classname="com.test.Test_Mousehover" name="KTIGWebMousehover" time="116.103"/>
</testsuite> <!-- com.test.Test_Mousehover -->
