<?xml version="1.0" encoding="UTF-8"?>
<!-- Generated by org.testng.reporters.JUnitReportReporter -->
<testsuite hostname="DESKTOP-E9Q4G78" failures="0" tests="1" name="com.test.Test_ConDropdown" time="291.006" errors="0" timestamp="2024-12-21T10:27:50 IST" skipped="0">
  <testcase classname="com.test.Test_ConDropdown" name="contact" time="291.006"/>
</testsuite> <!-- com.test.Test_ConDropdown -->
