<?xml version="1.0" encoding="UTF-8"?>
<!-- Generated by org.testng.reporters.JUnitReportReporter -->
<testsuite hostname="DESKTOP-E9Q4G78" failures="0" tests="1" name="com.test.test_demo" time="64.797" errors="0" timestamp="2024-12-26T15:48:03 IST" skipped="0">
  <testcase classname="com.test.test_demo" name="LoginSignupTC001" time="64.797"/>
</testsuite> <!-- com.test.test_demo -->
