<?xml version="1.0" encoding="UTF-8"?>
<!-- Generated by org.testng.reporters.JUnitReportReporter -->
<testsuite hostname="DESKTOP-E9Q4G78" failures="0" tests="1" name="com.test.Test_logoIdentification" time="48.574" errors="0" timestamp="2024-12-12T17:25:07 IST" skipped="0">
  <testcase classname="com.test.Test_logoIdentification" name="logoImageIdentification" time="48.574"/>
</testsuite> <!-- com.test.Test_logoIdentification -->
