<?xml version="1.0" encoding="UTF-8"?>
<!-- Generated by org.testng.reporters.JUnitReportReporter -->
<testsuite hostname="DESKTOP-E9Q4G78" failures="0" tests="1" name="com.test.Test_BankingSolutionScreen" time="29.176" errors="0" timestamp="2024-12-19T12:20:21 IST" skipped="0">
  <testcase classname="com.test.Test_BankingSolutionScreen" name="screenshot" time="29.176"/>
</testsuite> <!-- com.test.Test_BankingSolutionScreen -->
