<?xml version="1.0" encoding="UTF-8"?>
<!-- Generated by org.testng.reporters.JUnitReportReporter -->
<testsuite hostname="DESKTOP-E9Q4G78" failures="0" tests="5" name="com.test.Test_ServiceSubMenuKTNL" time="52.476" errors="0" timestamp="2025-01-06T15:20:25 IST" skipped="4">
  <testcase classname="com.test.Test_ServiceSubMenuKTNL" name="AdditionalEnquiry" time="52.476"/>
  <testcase classname="com.test.Test_ServiceSubMenuKTNL" name="RecurringDeposit">
    <skipped/>
  </testcase> <!-- RecurringDeposit -->
  <testcase classname="com.test.Test_ServiceSubMenuKTNL" name="SavingsAccount">
    <skipped/>
  </testcase> <!-- SavingsAccount -->
  <testcase classname="com.test.Test_ServiceSubMenuKTNL" name="FixedDeposit">
    <skipped/>
  </testcase> <!-- FixedDeposit -->
  <testcase classname="com.test.Test_ServiceSubMenuKTNL" name="WeOffer">
    <skipped/>
  </testcase> <!-- WeOffer -->
</testsuite> <!-- com.test.Test_ServiceSubMenuKTNL -->
