<?xml version="1.0" encoding="UTF-8"?>
<!-- Generated by org.testng.reporters.JUnitReportReporter -->
<testsuite hostname="DESKTOP-H05C8H6" failures="0" tests="15" name="com.SS.Test_Signup" time="7.510" errors="0" timestamp="2025-01-23T10:40:23 IST" skipped="14">
  <testcase classname="com.SS.Test_Signup" name="RegisterKrishna" time="7.510"/>
  <testcase classname="com.SS.Test_Signup" name="RegisterBarnikaP">
    <skipped/>
  </testcase> <!-- RegisterBarnikaP -->
  <testcase classname="com.SS.Test_Signup" name="RegisterMVijay">
    <skipped/>
  </testcase> <!-- RegisterMVijay -->
  <testcase classname="com.SS.Test_Signup" name="Registervairam">
    <skipped/>
  </testcase> <!-- Registervairam -->
  <testcase classname="com.SS.Test_Signup" name="RegisterMVijayaragavan">
    <skipped/>
  </testcase> <!-- RegisterMVijayaragavan -->
  <testcase classname="com.SS.Test_Signup" name="RegisterArvind">
    <skipped/>
  </testcase> <!-- RegisterArvind -->
  <testcase classname="com.SS.Test_Signup" name="RegisterMVicky">
    <skipped/>
  </testcase> <!-- RegisterMVicky -->
  <testcase classname="com.SS.Test_Signup" name="RegisterSowbarnikaY">
    <skipped/>
  </testcase> <!-- RegisterSowbarnikaY -->
  <testcase classname="com.SS.Test_Signup" name="RegisterArv">
    <skipped/>
  </testcase> <!-- RegisterArv -->
  <testcase classname="com.SS.Test_Signup" name="RegisterManju">
    <skipped/>
  </testcase> <!-- RegisterManju -->
  <testcase classname="com.SS.Test_Signup" name="Register1">
    <skipped/>
  </testcase> <!-- Register1 -->
  <testcase classname="com.SS.Test_Signup" name="RegisteMvigneshwaran">
    <skipped/>
  </testcase> <!-- RegisteMvigneshwaran -->
  <testcase classname="com.SS.Test_Signup" name="Registermoorthy">
    <skipped/>
  </testcase> <!-- Registermoorthy -->
  <testcase classname="com.SS.Test_Signup" name="RegisterRsakthi">
    <skipped/>
  </testcase> <!-- RegisterRsakthi -->
  <testcase classname="com.SS.Test_Signup" name="RegisterRsakthivel">
    <skipped/>
  </testcase> <!-- RegisterRsakthivel -->
</testsuite> <!-- com.SS.Test_Signup -->
