<?xml version="1.0" encoding="UTF-8"?>
<!-- Generated by org.testng.reporters.JUnitReportReporter -->
<testsuite hostname="DESKTOP-H05C8H6" failures="0" tests="3" name="com.SS.Test_Register" time="5.158" errors="0" timestamp="2025-01-11T12:50:03 IST" skipped="2">
  <testcase classname="com.SS.Test_Register" name="Forgotpassword" time="5.158"/>
  <testcase classname="com.SS.Test_Register" name="Signup1">
    <skipped/>
  </testcase> <!-- Signup1 -->
  <testcase classname="com.SS.Test_Register" name="register2">
    <skipped/>
  </testcase> <!-- register2 -->
</testsuite> <!-- com.SS.Test_Register -->
